<?xml version="1.0" encoding="UTF-8"?>
<testsuite name="testSuite.tCase" tests="1" skipped="0" failures="0" errors="0" timestamp="2022-06-29T15:04:30" hostname="NOVATIGROUP" time="3.522">
  <properties/>
  <testcase name="BuscarPerro" classname="testSuite.tCase" time="3.522"/>
  <system-out><![CDATA[]]></system-out>
  <system-err><![CDATA[]]></system-err>
</testsuite>
